<?xml version="1.0" encoding="UTF-8"?>
<!-- Generated by org.testng.reporters.JUnitReportReporter -->
<testsuite skipped="0" hostname="DESKTOP-SVOPH10" name="tests.ParTest" tests="5" failures="0" timestamp="2021-09-15T19:27:58 EDT" time="0.035" errors="0">
  <testcase name="m1" time="0.007" classname="tests.ParTest"/>
  <system-out/>
  <testcase name="m3" time="0.007" classname="tests.ParTest"/>
  <system-out/>
  <testcase name="m4" time="0.007" classname="tests.ParTest"/>
  <system-out/>
  <testcase name="m2" time="0.007" classname="tests.ParTest"/>
  <system-out/>
  <testcase name="m5" time="0.007" classname="tests.ParTest"/>
  <system-out/>
</testsuite> <!-- tests.ParTest -->
